e:\pro\pro\myjson\x64\release\vc140.pdb
e:\pro\pro\myjson\x64\release\cjson.obj
e:\pro\pro\myjson\x64\release\myjson.obj
e:\pro\pro\myjson\x64\release\main.obj
e:\pro\pro\myjson\x64\release\cjsonobject.obj
e:\pro\pro\projects\x64\release\dlljson.lib
e:\pro\pro\projects\x64\release\dlljson.exp
e:\pro\pro\projects\x64\release\dlljson.dll
e:\pro\pro\projects\x64\release\dlljson.ipdb
e:\pro\pro\projects\x64\release\dlljson.iobj
e:\pro\pro\projects\x64\release\dlljson.pdb
e:\bentlyplugin\distribute\myjson\x64\release\cjson.obj
e:\bentlyplugin\distribute\myjson\x64\release\cjsonobject.obj
e:\bentlyplugin\distribute\myjson\x64\release\main.obj
e:\bentlyplugin\distribute\myjson\x64\release\myjson.obj
e:\bentlyplugin\distribute\myjson\x64\release\vc140.pdb
e:\bentlyplugin\distribute\projects\x64\release\dlljson.pdb
e:\bentlyplugin\distribute\projects\x64\release\dlljson.dll
e:\bentlyplugin\distribute\myjson\x64\release\dlljson.tlog\cl.command.1.tlog
e:\bentlyplugin\distribute\myjson\x64\release\dlljson.tlog\cl.read.1.tlog
e:\bentlyplugin\distribute\myjson\x64\release\dlljson.tlog\cl.write.1.tlog
e:\bentlyplugin\distribute\myjson\x64\release\dlljson.tlog\dlljson.write.1u.tlog
e:\bentlyplugin\distribute\myjson\x64\release\dlljson.tlog\link.command.1.tlog
e:\bentlyplugin\distribute\myjson\x64\release\dlljson.tlog\link.read.1.tlog
e:\bentlyplugin\distribute\myjson\x64\release\dlljson.tlog\link.write.1.tlog
