e:\pro\pro\easysqlite\easysqlite\x64\release\easysqlite.pch
e:\pro\pro\easysqlite\easysqlite\x64\release\easysqlite.pdb
e:\pro\pro\easysqlite\easysqlite\x64\release\stdafx.obj
e:\pro\pro\easysqlite\easysqlite\x64\release\currenttest.obj
e:\pro\pro\easysqlite\easysqlite\x64\release\checks.obj
e:\pro\pro\easysqlite\easysqlite\x64\release\assertexception.obj
e:\pro\pro\easysqlite\easysqlite\x64\release\testsqlvalue.obj
e:\pro\pro\easysqlite\easysqlite\x64\release\testsqltable.obj
e:\pro\pro\easysqlite\easysqlite\x64\release\testsqlrecordset.obj
e:\pro\pro\easysqlite\easysqlite\x64\release\testsqlrecord.obj
e:\pro\pro\easysqlite\easysqlite\x64\release\testsqlfieldset.obj
e:\pro\pro\easysqlite\easysqlite\x64\release\testsqlfield.obj
e:\pro\pro\easysqlite\easysqlite\x64\release\testsqldatabase.obj
e:\pro\pro\easysqlite\easysqlite\x64\release\sqlvalue.obj
e:\pro\pro\easysqlite\easysqlite\x64\release\sqltable.obj
e:\pro\pro\easysqlite\easysqlite\x64\release\sqlrecordset.obj
e:\pro\pro\easysqlite\easysqlite\x64\release\sqlrecord.obj
e:\pro\pro\easysqlite\easysqlite\x64\release\sqlfieldset.obj
e:\pro\pro\easysqlite\easysqlite\x64\release\sqlfield.obj
e:\pro\pro\easysqlite\easysqlite\x64\release\sqldatabase.obj
e:\pro\pro\easysqlite\easysqlite\x64\release\sqlcommon.obj
e:\pro\pro\easysqlite\easysqlite\x64\release\sha1.obj
e:\pro\pro\easysqlite\easysqlite\x64\release\easysqlite.obj
e:\pro\pro\easysqlite\easysqlite\x64\release\xmltestreporter.obj
e:\pro\pro\easysqlite\easysqlite\x64\release\timehelpers.obj
e:\pro\pro\easysqlite\easysqlite\x64\release\timeconstraint.obj
e:\pro\pro\easysqlite\easysqlite\x64\release\testrunner.obj
e:\pro\pro\easysqlite\easysqlite\x64\release\testresults.obj
e:\pro\pro\easysqlite\easysqlite\x64\release\testreporterstdout.obj
e:\pro\pro\easysqlite\easysqlite\x64\release\testreporter.obj
e:\pro\pro\easysqlite\easysqlite\x64\release\testlist.obj
e:\pro\pro\easysqlite\easysqlite\x64\release\testdetails.obj
e:\pro\pro\easysqlite\easysqlite\x64\release\test.obj
e:\pro\pro\easysqlite\easysqlite\x64\release\reportassert.obj
e:\pro\pro\easysqlite\easysqlite\x64\release\memoryoutstream.obj
e:\pro\pro\easysqlite\easysqlite\x64\release\deferredtestresult.obj
e:\pro\pro\easysqlite\easysqlite\x64\release\deferredtestreporter.obj
e:\pro\pro\easysqlite\easysqlite\x64\release\sqlite3.obj
e:\pro\pro\projects\x64\release\easysqlite.lib
e:\bentlyplugin\distribute\easysqlite\easysqlite\x64\release\assertexception.obj
e:\bentlyplugin\distribute\easysqlite\easysqlite\x64\release\checks.obj
e:\bentlyplugin\distribute\easysqlite\easysqlite\x64\release\currenttest.obj
e:\bentlyplugin\distribute\easysqlite\easysqlite\x64\release\deferredtestreporter.obj
e:\bentlyplugin\distribute\easysqlite\easysqlite\x64\release\deferredtestresult.obj
e:\bentlyplugin\distribute\easysqlite\easysqlite\x64\release\easysqlite.obj
e:\bentlyplugin\distribute\easysqlite\easysqlite\x64\release\memoryoutstream.obj
e:\bentlyplugin\distribute\easysqlite\easysqlite\x64\release\reportassert.obj
e:\bentlyplugin\distribute\easysqlite\easysqlite\x64\release\sha1.obj
e:\bentlyplugin\distribute\easysqlite\easysqlite\x64\release\sqlcommon.obj
e:\bentlyplugin\distribute\easysqlite\easysqlite\x64\release\sqldatabase.obj
e:\bentlyplugin\distribute\easysqlite\easysqlite\x64\release\sqlfield.obj
e:\bentlyplugin\distribute\easysqlite\easysqlite\x64\release\sqlfieldset.obj
e:\bentlyplugin\distribute\easysqlite\easysqlite\x64\release\sqlite3.obj
e:\bentlyplugin\distribute\easysqlite\easysqlite\x64\release\sqlrecord.obj
e:\bentlyplugin\distribute\easysqlite\easysqlite\x64\release\sqlrecordset.obj
e:\bentlyplugin\distribute\easysqlite\easysqlite\x64\release\sqltable.obj
e:\bentlyplugin\distribute\easysqlite\easysqlite\x64\release\sqlvalue.obj
e:\bentlyplugin\distribute\easysqlite\easysqlite\x64\release\stdafx.obj
e:\bentlyplugin\distribute\easysqlite\easysqlite\x64\release\test.obj
e:\bentlyplugin\distribute\easysqlite\easysqlite\x64\release\testdetails.obj
e:\bentlyplugin\distribute\easysqlite\easysqlite\x64\release\testlist.obj
e:\bentlyplugin\distribute\easysqlite\easysqlite\x64\release\testreporter.obj
e:\bentlyplugin\distribute\easysqlite\easysqlite\x64\release\testreporterstdout.obj
e:\bentlyplugin\distribute\easysqlite\easysqlite\x64\release\testresults.obj
e:\bentlyplugin\distribute\easysqlite\easysqlite\x64\release\testrunner.obj
e:\bentlyplugin\distribute\easysqlite\easysqlite\x64\release\testsqldatabase.obj
e:\bentlyplugin\distribute\easysqlite\easysqlite\x64\release\testsqlfield.obj
e:\bentlyplugin\distribute\easysqlite\easysqlite\x64\release\testsqlfieldset.obj
e:\bentlyplugin\distribute\easysqlite\easysqlite\x64\release\testsqlrecord.obj
e:\bentlyplugin\distribute\easysqlite\easysqlite\x64\release\testsqlrecordset.obj
e:\bentlyplugin\distribute\easysqlite\easysqlite\x64\release\testsqltable.obj
e:\bentlyplugin\distribute\easysqlite\easysqlite\x64\release\testsqlvalue.obj
e:\bentlyplugin\distribute\easysqlite\easysqlite\x64\release\timeconstraint.obj
e:\bentlyplugin\distribute\easysqlite\easysqlite\x64\release\timehelpers.obj
e:\bentlyplugin\distribute\easysqlite\easysqlite\x64\release\xmltestreporter.obj
e:\bentlyplugin\distribute\easysqlite\easysqlite\x64\release\easysqlite.pch
e:\bentlyplugin\distribute\easysqlite\easysqlite\x64\release\easysqlite.pdb
e:\bentlyplugin\distribute\projects\x64\release\easysqlite.lib
e:\bentlyplugin\distribute\easysqlite\easysqlite\x64\release\easysqlite.tlog\cl.command.1.tlog
e:\bentlyplugin\distribute\easysqlite\easysqlite\x64\release\easysqlite.tlog\cl.read.1.tlog
e:\bentlyplugin\distribute\easysqlite\easysqlite\x64\release\easysqlite.tlog\cl.write.1.tlog
e:\bentlyplugin\distribute\easysqlite\easysqlite\x64\release\easysqlite.tlog\lib-link.read.1.tlog
e:\bentlyplugin\distribute\easysqlite\easysqlite\x64\release\easysqlite.tlog\lib-link.write.1.tlog
e:\bentlyplugin\distribute\easysqlite\easysqlite\x64\release\easysqlite.tlog\lib.command.1.tlog
